src/features/Campus/Dashboard/components/FreeRoomSection.tsx(35,35): error TS2307: Cannot find module '../../FreeRoom/services/FreeRoomService' or its corresponding type declarations.
src/features/Campus/Dashboard/components/FreeRoomSection.tsx(35,135): error TS2307: Cannot find module '../../FreeRoom/services/FreeRoomService' or its corresponding type declarations.
src/features/Campus/Dashboard/components/FreeRoomSection.tsx(38,69): error TS2307: Cannot find module '../../FreeRoom/services/FreeRoomService' or its corresponding type declarations.
src/features/Campus/FreeRoom/FreeRoomScreen.tsx(34,45): error TS2352: Conversion of type 'CelcatBuilding[]' to type 'BuildingInfo[]' may be a mistake because neither type sufficiently overlaps with the other. If this was intentional, convert the expression to 'unknown' first.
  Type 'CelcatBuilding' is not comparable to type 'BuildingInfo'.
    Types of property 'schedule' are incompatible.
      Type 'string' is not comparable to type 'CampusEvent[]'.
src/features/Campus/FreeRoom/FreeRoomScreen.tsx(37,29): error TS2352: Conversion of type 'CelcatBuilding[]' to type 'BuildingInfo[]' may be a mistake because neither type sufficiently overlaps with the other. If this was intentional, convert the expression to 'unknown' first.
  Type 'CelcatBuilding' is not comparable to type 'BuildingInfo'.
    Types of property 'schedule' are incompatible.
      Type 'string' is not comparable to type 'CampusEvent[]'.
src/features/Campus/FreeRoom/components/FreeRoomListItem.tsx(7,30): error TS2307: Cannot find module '../services/FreeRoomService' or its corresponding type declarations.
src/features/Campus/Library/LibraryDetailsScreen.tsx(57,40): error TS2322: Type 'number' is not assignable to type 'AffluencesData'.
src/features/Campus/components/CampusListLayout.tsx(91,21): error TS2769: No overload matches this call.
  Overload 1 of 2, '(props: AnimatedProps<FlatListProps<T>>): FlatList<T>', gave the following error.
    Type 'T[]' is not assignable to type 'WithAnimatedObject<ArrayLike<T>>'.
      'number' index signatures are incompatible.
        Type 'T' is not assignable to type 'WithAnimatedValue<T>'.
  Overload 2 of 2, '(props: AnimatedProps<FlatListProps<T>>, context: any): FlatList<T>', gave the following error.
    Type 'T[]' is not assignable to type 'WithAnimatedObject<ArrayLike<T>>'.
      'number' index signatures are incompatible.
        Type 'T' is not assignable to type 'WithAnimatedValue<T>'.
src/features/Planning/components/ScheduleList.tsx(197,60): error TS2345: Argument of type 'PlanningEvent' is not assignable to parameter of type 'Record<string, unknown>'.
  Index signature for type 'string' is missing in type 'PlanningEvent'.
src/features/Planning/components/ScheduleList.tsx(205,64): error TS2345: Argument of type 'PlanningEvent' is not assignable to parameter of type 'Record<string, unknown>'.
  Index signature for type 'string' is missing in type 'PlanningEvent'.
src/features/Planning/components/ScheduleList.tsx(258,30): error TS2322: Type 'number' is not assignable to type 'string'.
src/features/Planning/components/ScheduleList.tsx(300,29): error TS2322: Type '{ courses: Record<string, unknown>[]; dayNumber: string; dayTimestamp: number; }' is not assignable to type '{ date?: string; day?: string; dateString?: string; name?: string; courses?: PlanningEvent[]; } & Record<string, unknown>'.
  Type '{ courses: Record<string, unknown>[]; dayNumber: string; dayTimestamp: number; }' is not assignable to type '{ date?: string; day?: string; dateString?: string; name?: string; courses?: PlanningEvent[]; }'.
    Types of property 'courses' are incompatible.
      Type 'Record<string, unknown>[]' is not assignable to type 'PlanningEvent[]'.
        Type 'Record<string, unknown>' is missing the following properties from type 'PlanningEvent': id, style, color, schedule, and 7 more.
src/features/Planning/screens/CourseScreen.tsx(28,2): error TS2612: Property 'context' will overwrite the base property in 'Component<CourseProps, CourseState, any>'. If this is intentional, add an initializer. Otherwise, add a 'declare' modifier or remove the redundant declaration.
src/features/Planning/screens/GroupSelectionScreen.tsx(39,5): error TS2612: Property 'context' will overwrite the base property in 'Component<HomeScreenProps, HomeScreenState, any>'. If this is intentional, add an initializer. Otherwise, add a 'declare' modifier or remove the redundant declaration.
src/features/Planning/screens/GroupSelectionScreen.tsx(108,35): error TS2322: Type '{ key: string; data: GroupItem[]; sectionIndex: number; colorIndex: number; }[]' is not assignable to type '{ title: string; data: GroupItem[]; }[]'.
  Property 'title' is missing in type '{ key: string; data: GroupItem[]; sectionIndex: number; colorIndex: number; }' but required in type '{ title: string; data: GroupItem[]; }'.
src/features/Planning/screens/GroupSelectionScreen.tsx(110,35): error TS2322: Type '{ key: string; data: GroupItem[]; sectionIndex: number; colorIndex: number; }[]' is not assignable to type '{ title: string; data: GroupItem[]; }[]'.
  Property 'title' is missing in type '{ key: string; data: GroupItem[]; sectionIndex: number; colorIndex: number; }' but required in type '{ title: string; data: GroupItem[]; }'.
src/features/Planning/screens/GroupSelectionScreen.tsx(312,17): error TS2769: No overload matches this call.
  Overload 1 of 2, '(props: AnimatedProps<SectionListProps<GroupItem, { key: string; sectionIndex: number; colorIndex: number; }>>): SectionList<GroupItem, { ...; }>', gave the following error.
    Type '{ title: string; data: GroupItem[]; sectionIndex: number; colorIndex: number; }[]' is not assignable to type 'readonly WithAnimatedObject<SectionListData<GroupItem, { key: string; sectionIndex: number; colorIndex: number; }>>[]'.
      Property 'key' is missing in type '{ title: string; data: GroupItem[]; sectionIndex: number; colorIndex: number; }' but required in type 'WithAnimatedObject<SectionListData<GroupItem, { key: string; sectionIndex: number; colorIndex: number; }>>'.
  Overload 2 of 2, '(props: AnimatedProps<SectionListProps<GroupItem, { key: string; sectionIndex: number; colorIndex: number; }>>, context: any): SectionList<GroupItem, { ...; }>', gave the following error.
    Type '{ title: string; data: GroupItem[]; sectionIndex: number; colorIndex: number; }[]' is not assignable to type 'readonly WithAnimatedObject<SectionListData<GroupItem, { key: string; sectionIndex: number; colorIndex: number; }>>[]'.
      Property 'key' is missing in type '{ title: string; data: GroupItem[]; sectionIndex: number; colorIndex: number; }' but required in type 'WithAnimatedObject<SectionListData<GroupItem, { key: string; sectionIndex: number; colorIndex: number; }>>'.
src/features/Planning/views/DayView.tsx(51,2): error TS2612: Property 'context' will overwrite the base property in 'Component<DayViewProps, DayViewState, any>'. If this is intentional, add an initializer. Otherwise, add a 'declare' modifier or remove the redundant declaration.
src/features/Settings/components/SettingsSections.tsx(32,13): error TS2322: Type '{ switchTrack: { false: string; true: string; }; background: { flex: number; backgroundColor: string; }; separationText: { color: string; fontSize: number; fontWeight: "600"; marginTop: number; marginLeft: number; letterSpacing: number; textTransform: string; }; ... 5 more ...; popup: { ...; }; }' is not assignable to type '("light" | "dark") & { switchTrack: { false: string; true: string; }; background: { flex: number; backgroundColor: string; }; separationText: { color: string; fontSize: number; fontWeight: "600"; marginTop: number; marginLeft: number; letterSpacing: number; textTransform: string; }; ... 5 more ...; popup: { ...; }; }'.
  Type '{ switchTrack: { false: string; true: string; }; background: { flex: number; backgroundColor: string; }; separationText: { color: string; fontSize: number; fontWeight: "600"; marginTop: number; marginLeft: number; letterSpacing: number; textTransform: string; }; ... 5 more ...; popup: { ...; }; }' is not assignable to type '"dark" & { switchTrack: { false: string; true: string; }; background: { flex: number; backgroundColor: string; }; separationText: { color: string; fontSize: number; fontWeight: "600"; marginTop: number; marginLeft: number; letterSpacing: number; textTransform: string; }; ... 5 more ...; popup: { ...; }; }'.
    Type '{ switchTrack: { false: string; true: string; }; background: { flex: number; backgroundColor: string; }; separationText: { color: string; fontSize: number; fontWeight: "600"; marginTop: number; marginLeft: number; letterSpacing: number; textTransform: string; }; ... 5 more ...; popup: { ...; }; }' is not assignable to type '"dark"'.
src/features/Settings/components/SettingsSections.tsx(36,39): error TS2345: Argument of type 'string' is not assignable to parameter of type '"ABOUT" | "ADD_TO_CALENDAR" | "ADD_TO_CALENDAR_DESCRIPTION" | "ADD_TO_CALENDAR_DONE" | "ADD_TO_CALENDAR_PERMISSIONS" | "APP_LAUNCHING" | "APP_READY" | "APPLICATION" | "APPLICATION_HISTORY" | ... 199 more ... | "NOTIFICATION_DELAY_DESC"'.
src/features/Settings/components/SettingsSections.tsx(39,13): error TS2322: Type '{ switchTrack: { false: string; true: string; }; background: { flex: number; backgroundColor: string; }; separationText: { color: string; fontSize: number; fontWeight: "600"; marginTop: number; marginLeft: number; letterSpacing: number; textTransform: string; }; ... 5 more ...; popup: { ...; }; }' is not assignable to type '("light" | "dark") & { switchTrack: { false: string; true: string; }; background: { flex: number; backgroundColor: string; }; separationText: { color: string; fontSize: number; fontWeight: "600"; marginTop: number; marginLeft: number; letterSpacing: number; textTransform: string; }; ... 5 more ...; popup: { ...; }; }'.
  Type '{ switchTrack: { false: string; true: string; }; background: { flex: number; backgroundColor: string; }; separationText: { color: string; fontSize: number; fontWeight: "600"; marginTop: number; marginLeft: number; letterSpacing: number; textTransform: string; }; ... 5 more ...; popup: { ...; }; }' is not assignable to type '"dark" & { switchTrack: { false: string; true: string; }; background: { flex: number; backgroundColor: string; }; separationText: { color: string; fontSize: number; fontWeight: "600"; marginTop: number; marginLeft: number; letterSpacing: number; textTransform: string; }; ... 5 more ...; popup: { ...; }; }'.
    Type '{ switchTrack: { false: string; true: string; }; background: { flex: number; backgroundColor: string; }; separationText: { color: string; fontSize: number; fontWeight: "600"; marginTop: number; marginLeft: number; letterSpacing: number; textTransform: string; }; ... 5 more ...; popup: { ...; }; }' is not assignable to type '"dark"'.
src/features/Settings/components/SettingsSections.tsx(58,13): error TS2322: Type '{ switchTrack: { false: string; true: string; }; background: { flex: number; backgroundColor: string; }; separationText: { color: string; fontSize: number; fontWeight: "600"; marginTop: number; marginLeft: number; letterSpacing: number; textTransform: string; }; ... 5 more ...; popup: { ...; }; }' is not assignable to type '("light" | "dark") & { switchTrack: { false: string; true: string; }; background: { flex: number; backgroundColor: string; }; separationText: { color: string; fontSize: number; fontWeight: "600"; marginTop: number; marginLeft: number; letterSpacing: number; textTransform: string; }; ... 5 more ...; popup: { ...; }; }'.
  Type '{ switchTrack: { false: string; true: string; }; background: { flex: number; backgroundColor: string; }; separationText: { color: string; fontSize: number; fontWeight: "600"; marginTop: number; marginLeft: number; letterSpacing: number; textTransform: string; }; ... 5 more ...; popup: { ...; }; }' is not assignable to type '"dark" & { switchTrack: { false: string; true: string; }; background: { flex: number; backgroundColor: string; }; separationText: { color: string; fontSize: number; fontWeight: "600"; marginTop: number; marginLeft: number; letterSpacing: number; textTransform: string; }; ... 5 more ...; popup: { ...; }; }'.
    Type '{ switchTrack: { false: string; true: string; }; background: { flex: number; backgroundColor: string; }; separationText: { color: string; fontSize: number; fontWeight: "600"; marginTop: number; marginLeft: number; letterSpacing: number; textTransform: string; }; ... 5 more ...; popup: { ...; }; }' is not assignable to type '"dark"'.
src/features/Settings/components/SettingsSections.tsx(81,13): error TS2322: Type '{ switchTrack: { false: string; true: string; }; background: { flex: number; backgroundColor: string; }; separationText: { color: string; fontSize: number; fontWeight: "600"; marginTop: number; marginLeft: number; letterSpacing: number; textTransform: string; }; ... 5 more ...; popup: { ...; }; }' is not assignable to type '("light" | "dark") & { switchTrack: { false: string; true: string; }; background: { flex: number; backgroundColor: string; }; separationText: { color: string; fontSize: number; fontWeight: "600"; marginTop: number; marginLeft: number; letterSpacing: number; textTransform: string; }; ... 5 more ...; popup: { ...; }; }'.
  Type '{ switchTrack: { false: string; true: string; }; background: { flex: number; backgroundColor: string; }; separationText: { color: string; fontSize: number; fontWeight: "600"; marginTop: number; marginLeft: number; letterSpacing: number; textTransform: string; }; ... 5 more ...; popup: { ...; }; }' is not assignable to type '"dark" & { switchTrack: { false: string; true: string; }; background: { flex: number; backgroundColor: string; }; separationText: { color: string; fontSize: number; fontWeight: "600"; marginTop: number; marginLeft: number; letterSpacing: number; textTransform: string; }; ... 5 more ...; popup: { ...; }; }'.
    Type '{ switchTrack: { false: string; true: string; }; background: { flex: number; backgroundColor: string; }; separationText: { color: string; fontSize: number; fontWeight: "600"; marginTop: number; marginLeft: number; letterSpacing: number; textTransform: string; }; ... 5 more ...; popup: { ...; }; }' is not assignable to type '"dark"'.
src/features/Settings/components/SettingsSections.tsx(128,13): error TS2322: Type '{ switchTrack: { false: string; true: string; }; background: { flex: number; backgroundColor: string; }; separationText: { color: string; fontSize: number; fontWeight: "600"; marginTop: number; marginLeft: number; letterSpacing: number; textTransform: string; }; ... 5 more ...; popup: { ...; }; }' is not assignable to type '("light" | "dark") & { switchTrack: { false: string; true: string; }; background: { flex: number; backgroundColor: string; }; separationText: { color: string; fontSize: number; fontWeight: "600"; marginTop: number; marginLeft: number; letterSpacing: number; textTransform: string; }; ... 5 more ...; popup: { ...; }; }'.
  Type '{ switchTrack: { false: string; true: string; }; background: { flex: number; backgroundColor: string; }; separationText: { color: string; fontSize: number; fontWeight: "600"; marginTop: number; marginLeft: number; letterSpacing: number; textTransform: string; }; ... 5 more ...; popup: { ...; }; }' is not assignable to type '"dark" & { switchTrack: { false: string; true: string; }; background: { flex: number; backgroundColor: string; }; separationText: { color: string; fontSize: number; fontWeight: "600"; marginTop: number; marginLeft: number; letterSpacing: number; textTransform: string; }; ... 5 more ...; popup: { ...; }; }'.
    Type '{ switchTrack: { false: string; true: string; }; background: { flex: number; backgroundColor: string; }; separationText: { color: string; fontSize: number; fontWeight: "600"; marginTop: number; marginLeft: number; letterSpacing: number; textTransform: string; }; ... 5 more ...; popup: { ...; }; }' is not assignable to type '"dark"'.
src/features/Settings/components/SettingsSections.tsx(135,13): error TS2322: Type '{ switchTrack: { false: string; true: string; }; background: { flex: number; backgroundColor: string; }; separationText: { color: string; fontSize: number; fontWeight: "600"; marginTop: number; marginLeft: number; letterSpacing: number; textTransform: string; }; ... 5 more ...; popup: { ...; }; }' is not assignable to type '("light" | "dark") & { switchTrack: { false: string; true: string; }; background: { flex: number; backgroundColor: string; }; separationText: { color: string; fontSize: number; fontWeight: "600"; marginTop: number; marginLeft: number; letterSpacing: number; textTransform: string; }; ... 5 more ...; popup: { ...; }; }'.
  Type '{ switchTrack: { false: string; true: string; }; background: { flex: number; backgroundColor: string; }; separationText: { color: string; fontSize: number; fontWeight: "600"; marginTop: number; marginLeft: number; letterSpacing: number; textTransform: string; }; ... 5 more ...; popup: { ...; }; }' is not assignable to type '"dark" & { switchTrack: { false: string; true: string; }; background: { flex: number; backgroundColor: string; }; separationText: { color: string; fontSize: number; fontWeight: "600"; marginTop: number; marginLeft: number; letterSpacing: number; textTransform: string; }; ... 5 more ...; popup: { ...; }; }'.
    Type '{ switchTrack: { false: string; true: string; }; background: { flex: number; backgroundColor: string; }; separationText: { color: string; fontSize: number; fontWeight: "600"; marginTop: number; marginLeft: number; letterSpacing: number; textTransform: string; }; ... 5 more ...; popup: { ...; }; }' is not assignable to type '"dark"'.
src/features/Settings/components/SettingsSections.tsx(173,21): error TS2322: Type '{ switchTrack: { false: string; true: string; }; background: { flex: number; backgroundColor: string; }; separationText: { color: string; fontSize: number; fontWeight: "600"; marginTop: number; marginLeft: number; letterSpacing: number; textTransform: string; }; ... 5 more ...; popup: { ...; }; }' is not assignable to type '("light" | "dark") & { switchTrack: { false: string; true: string; }; background: { flex: number; backgroundColor: string; }; separationText: { color: string; fontSize: number; fontWeight: "600"; marginTop: number; marginLeft: number; letterSpacing: number; textTransform: string; }; ... 5 more ...; popup: { ...; }; }'.
  Type '{ switchTrack: { false: string; true: string; }; background: { flex: number; backgroundColor: string; }; separationText: { color: string; fontSize: number; fontWeight: "600"; marginTop: number; marginLeft: number; letterSpacing: number; textTransform: string; }; ... 5 more ...; popup: { ...; }; }' is not assignable to type '"dark" & { switchTrack: { false: string; true: string; }; background: { flex: number; backgroundColor: string; }; separationText: { color: string; fontSize: number; fontWeight: "600"; marginTop: number; marginLeft: number; letterSpacing: number; textTransform: string; }; ... 5 more ...; popup: { ...; }; }'.
    Type '{ switchTrack: { false: string; true: string; }; background: { flex: number; backgroundColor: string; }; separationText: { color: string; fontSize: number; fontWeight: "600"; marginTop: number; marginLeft: number; letterSpacing: number; textTransform: string; }; ... 5 more ...; popup: { ...; }; }' is not assignable to type '"dark"'.
src/features/Settings/components/SettingsSections.tsx(180,21): error TS2322: Type '{ switchTrack: { false: string; true: string; }; background: { flex: number; backgroundColor: string; }; separationText: { color: string; fontSize: number; fontWeight: "600"; marginTop: number; marginLeft: number; letterSpacing: number; textTransform: string; }; ... 5 more ...; popup: { ...; }; }' is not assignable to type '("light" | "dark") & { switchTrack: { false: string; true: string; }; background: { flex: number; backgroundColor: string; }; separationText: { color: string; fontSize: number; fontWeight: "600"; marginTop: number; marginLeft: number; letterSpacing: number; textTransform: string; }; ... 5 more ...; popup: { ...; }; }'.
  Type '{ switchTrack: { false: string; true: string; }; background: { flex: number; backgroundColor: string; }; separationText: { color: string; fontSize: number; fontWeight: "600"; marginTop: number; marginLeft: number; letterSpacing: number; textTransform: string; }; ... 5 more ...; popup: { ...; }; }' is not assignable to type '"dark" & { switchTrack: { false: string; true: string; }; background: { flex: number; backgroundColor: string; }; separationText: { color: string; fontSize: number; fontWeight: "600"; marginTop: number; marginLeft: number; letterSpacing: number; textTransform: string; }; ... 5 more ...; popup: { ...; }; }'.
    Type '{ switchTrack: { false: string; true: string; }; background: { flex: number; backgroundColor: string; }; separationText: { color: string; fontSize: number; fontWeight: "600"; marginTop: number; marginLeft: number; letterSpacing: number; textTransform: string; }; ... 5 more ...; popup: { ...; }; }' is not assignable to type '"dark"'.
src/features/Settings/components/SettingsSections.tsx(187,21): error TS2322: Type '{ switchTrack: { false: string; true: string; }; background: { flex: number; backgroundColor: string; }; separationText: { color: string; fontSize: number; fontWeight: "600"; marginTop: number; marginLeft: number; letterSpacing: number; textTransform: string; }; ... 5 more ...; popup: { ...; }; }' is not assignable to type '("light" | "dark") & { switchTrack: { false: string; true: string; }; background: { flex: number; backgroundColor: string; }; separationText: { color: string; fontSize: number; fontWeight: "600"; marginTop: number; marginLeft: number; letterSpacing: number; textTransform: string; }; ... 5 more ...; popup: { ...; }; }'.
  Type '{ switchTrack: { false: string; true: string; }; background: { flex: number; backgroundColor: string; }; separationText: { color: string; fontSize: number; fontWeight: "600"; marginTop: number; marginLeft: number; letterSpacing: number; textTransform: string; }; ... 5 more ...; popup: { ...; }; }' is not assignable to type '"dark" & { switchTrack: { false: string; true: string; }; background: { flex: number; backgroundColor: string; }; separationText: { color: string; fontSize: number; fontWeight: "600"; marginTop: number; marginLeft: number; letterSpacing: number; textTransform: string; }; ... 5 more ...; popup: { ...; }; }'.
    Type '{ switchTrack: { false: string; true: string; }; background: { flex: number; backgroundColor: string; }; separationText: { color: string; fontSize: number; fontWeight: "600"; marginTop: number; marginLeft: number; letterSpacing: number; textTransform: string; }; ... 5 more ...; popup: { ...; }; }' is not assignable to type '"dark"'.
src/features/Settings/components/SettingsSections.tsx(203,21): error TS2322: Type '{ switchTrack: { false: string; true: string; }; background: { flex: number; backgroundColor: string; }; separationText: { color: string; fontSize: number; fontWeight: "600"; marginTop: number; marginLeft: number; letterSpacing: number; textTransform: string; }; ... 5 more ...; popup: { ...; }; }' is not assignable to type '("light" | "dark") & { switchTrack: { false: string; true: string; }; background: { flex: number; backgroundColor: string; }; separationText: { color: string; fontSize: number; fontWeight: "600"; marginTop: number; marginLeft: number; letterSpacing: number; textTransform: string; }; ... 5 more ...; popup: { ...; }; }'.
  Type '{ switchTrack: { false: string; true: string; }; background: { flex: number; backgroundColor: string; }; separationText: { color: string; fontSize: number; fontWeight: "600"; marginTop: number; marginLeft: number; letterSpacing: number; textTransform: string; }; ... 5 more ...; popup: { ...; }; }' is not assignable to type '"dark" & { switchTrack: { false: string; true: string; }; background: { flex: number; backgroundColor: string; }; separationText: { color: string; fontSize: number; fontWeight: "600"; marginTop: number; marginLeft: number; letterSpacing: number; textTransform: string; }; ... 5 more ...; popup: { ...; }; }'.
    Type '{ switchTrack: { false: string; true: string; }; background: { flex: number; backgroundColor: string; }; separationText: { color: string; fontSize: number; fontWeight: "600"; marginTop: number; marginLeft: number; letterSpacing: number; textTransform: string; }; ... 5 more ...; popup: { ...; }; }' is not assignable to type '"dark"'.
src/shared/ui/Button.tsx(40,45): error TS2322: Type '{ justifyContent: string; shadowColor: string; shadowOffset: { width: number; height: number; }; shadowOpacity: number; shadowRadius: number; elevation: number; backgroundColor: string; borderRadius: number; paddingVertical: number; marginHorizontal: number; marginVertical: number; } | { ...; }' is not assignable to type 'StyleProp<ViewStyle>'.
  Type '{ justifyContent: string; shadowColor: string; shadowOffset: { width: number; height: number; }; shadowOpacity: number; shadowRadius: number; elevation: number; backgroundColor: string; borderRadius: number; paddingVertical: number; marginHorizontal: number; marginVertical: number; }' is not assignable to type 'StyleProp<ViewStyle>'.
    Type '{ justifyContent: string; shadowColor: string; shadowOffset: { width: number; height: number; }; shadowOpacity: number; shadowRadius: number; elevation: number; backgroundColor: string; borderRadius: number; paddingVertical: number; marginHorizontal: number; marginVertical: number; }' is not assignable to type 'ViewStyle'.
      Types of property 'justifyContent' are incompatible.
        Type 'string' is not assignable to type '"center" | "space-between" | "flex-end" | "space-around" | "flex-start" | "space-evenly"'.
src/shared/ui/Button.tsx(41,19): error TS2769: No overload matches this call.
  Overload 1 of 2, '(props: TextProps): Text', gave the following error.
    Type '{ fontFamily: string; fontSize: number; color: string; alignSelf: string; letterSpacing: number; } | { fontFamily: string; fontSize: number; color: string; alignSelf: string; letterSpacing: number; }' is not assignable to type 'StyleProp<TextStyle>'.
      Type '{ fontFamily: string; fontSize: number; color: string; alignSelf: string; letterSpacing: number; }' is not assignable to type 'StyleProp<TextStyle>'.
        Type '{ fontFamily: string; fontSize: number; color: string; alignSelf: string; letterSpacing: number; }' is not assignable to type 'TextStyle'.
          Types of property 'alignSelf' are incompatible.
            Type 'string' is not assignable to type '"auto" | FlexAlignType'.
  Overload 2 of 2, '(props: TextProps, context: any): Text', gave the following error.
    Type '{ fontFamily: string; fontSize: number; color: string; alignSelf: string; letterSpacing: number; } | { fontFamily: string; fontSize: number; color: string; alignSelf: string; letterSpacing: number; }' is not assignable to type 'StyleProp<TextStyle>'.
      Type '{ fontFamily: string; fontSize: number; color: string; alignSelf: string; letterSpacing: number; }' is not assignable to type 'StyleProp<TextStyle>'.
        Type '{ fontFamily: string; fontSize: number; color: string; alignSelf: string; letterSpacing: number; }' is not assignable to type 'TextStyle'.
          Types of property 'alignSelf' are incompatible.
            Type 'string' is not assignable to type '"auto" | FlexAlignType'.
src/shared/ui/Button.tsx(154,20): error TS2352: Conversion of type '({ shadowColor: string; shadowOffset: { width: number; height: number; }; shadowOpacity: number; shadowRadius: number; elevation: number; backgroundColor: string; borderRadius: number; marginHorizontal: number; marginTop: number; paddingVertical: number; flexDirection: string; alignContent: string; } | { ...; } | { ...' to type 'ViewStyle' may be a mistake because neither type sufficiently overlaps with the other. If this was intentional, convert the expression to 'unknown' first.
  Types of property 'filter' are incompatible.
    Type '{ <S extends { shadowColor: string; shadowOffset: { width: number; height: number; }; shadowOpacity: number; shadowRadius: number; elevation: number; backgroundColor: string; borderRadius: number; marginHorizontal: number; marginTop: number; paddingVertical: number; flexDirection: string; alignContent: string; } | {...' is not comparable to type 'string | readonly FilterFunction[]'.
src/shared/ui/Button.tsx(160,26): error TS2352: Conversion of type '({ fontWeight: "500"; color: string; fontSize: number; marginHorizontal: number; alignSelf: string; } | { flex: number; })[]' to type 'TextStyle' may be a mistake because neither type sufficiently overlaps with the other. If this was intentional, convert the expression to 'unknown' first.
  Types of property 'filter' are incompatible.
    Type '{ <S extends { fontWeight: "500"; color: string; fontSize: number; marginHorizontal: number; alignSelf: string; } | { flex: number; }>(predicate: (value: { fontWeight: "500"; color: string; fontSize: number; marginHorizontal: number; alignSelf: string; } | { ...; }, index: number, array: ({ ...; } | { ...; })[]) => ...' is not comparable to type 'string | readonly FilterFunction[]'.
